This is pdfTeX, Version 3.141592653-2.6-1.40.24 (TeX Live 2022) (preloaded format=pdflatex 2023.2.18)  1 SEP 2023 22:53
entering extended mode
 \write18 enabled.
 %&-line parsing enabled.
**arquivo_2021.tex
(./arquivo_2021.tex
LaTeX2e <2021-11-15> patch level 1
L3 programming layer <2022-02-24> (./ufsm_2021.cls
Document Class: ufsm_2021 
(/usr/local/texlive/2022/texmf-dist/tex/latex/appendix/appendix.sty
Package: appendix 2020/02/08 v1.2c extra appendix facilities


Package appendix Warning: No \appendix command in this document class!
(appendix)                Trying to create an appendix will probably fail.

\c@@pps=\count185

Package appendix Warning: There is no \chapter or \section command.
(appendix)                The appendix package will not be used.

) (/usr/local/texlive/2022/texmf-dist/tex/latex/graphics/graphicx.sty
Package: graphicx 2021/09/16 v1.2d Enhanced LaTeX Graphics (DPC,SPQR)

(/usr/local/texlive/2022/texmf-dist/tex/latex/graphics/keyval.sty
Package: keyval 2014/10/28 v1.15 key=value parser (DPC)
\KV@toks@=\toks16
)
(/usr/local/texlive/2022/texmf-dist/tex/latex/graphics/graphics.sty
Package: graphics 2021/03/04 v1.4d Standard LaTeX Graphics (DPC,SPQR)

(/usr/local/texlive/2022/texmf-dist/tex/latex/graphics/trig.sty
Package: trig 2021/08/11 v1.11 sin cos tan (DPC)
)
(/usr/local/texlive/2022/texmf-dist/tex/latex/graphics-cfg/graphics.cfg
File: graphics.cfg 2016/06/04 v1.11 sample graphics configuration
)
Package graphics Info: Driver file: pdftex.def on input line 107.

(/usr/local/texlive/2022/texmf-dist/tex/latex/graphics-def/pdftex.def
File: pdftex.def 2020/10/05 v1.2a Graphics/color driver for pdftex
))
\Gin@req@height=\dimen138
\Gin@req@width=\dimen139
)
(/usr/local/texlive/2022/texmf-dist/tex/latex/tools/multicol.sty
Package: multicol 2021/10/28 v1.9b multicolumn formatting (FMi)
\c@tracingmulticols=\count186
\mult@box=\box50
\multicol@leftmargin=\dimen140
\c@unbalance=\count187
\c@collectmore=\count188
\doublecol@number=\count189
\multicoltolerance=\count190
\multicolpretolerance=\count191
\full@width=\dimen141
\page@free=\dimen142
\premulticols=\dimen143
\postmulticols=\dimen144
\multicolsep=\skip47
\multicolbaselineskip=\skip48
\partial@page=\box51
\last@line=\box52
\maxbalancingoverflow=\dimen145
\mult@rightbox=\box53
\mult@grightbox=\box54
\mult@firstbox=\box55
\mult@gfirstbox=\box56
\@tempa=\box57
\@tempa=\box58
\@tempa=\box59
\@tempa=\box60
\@tempa=\box61
\@tempa=\box62
\@tempa=\box63
\@tempa=\box64
\@tempa=\box65
\@tempa=\box66
\@tempa=\box67
\@tempa=\box68
\@tempa=\box69
\@tempa=\box70
\@tempa=\box71
\@tempa=\box72
\@tempa=\box73
\@tempa=\box74
\@tempa=\box75
\@tempa=\box76
\@tempa=\box77
\@tempa=\box78
\@tempa=\box79
\@tempa=\box80
\@tempa=\box81
\@tempa=\box82
\@tempa=\box83
\@tempa=\box84
\@tempa=\box85
\@tempa=\box86
\@tempa=\box87
\@tempa=\box88
\@tempa=\box89
\@tempa=\box90
\@tempa=\box91
\@tempa=\box92
\c@minrows=\count192
\c@columnbadness=\count193
\c@finalcolumnbadness=\count194
\last@try=\dimen146
\multicolovershoot=\dimen147
\multicolundershoot=\dimen148
\mult@nat@firstbox=\box93
\colbreak@box=\box94
\mc@col@check@num=\count195
)
(/usr/local/texlive/2022/texmf-dist/tex/latex/base/inputenc.sty
Package: inputenc 2021/02/14 v1.3d Input encoding file
\inpenc@prehook=\toks17
\inpenc@posthook=\toks18
)
(/usr/local/texlive/2022/texmf-dist/tex/latex/setspace/setspace.sty
Package: setspace 2011/12/19 v6.7a set line spacing
)
(/usr/local/texlive/2022/texmf-dist/tex/latex/pstricks/pstricks.sty
Package: pstricks 2021/08/23 v0.71 LaTeX wrapper for `PSTricks' (RN,HV)

(/usr/local/texlive/2022/texmf-dist/tex/generic/iftex/iftex.sty
Package: iftex 2022/02/03 v1.0f TeX engine tests
)
(/usr/local/texlive/2022/texmf-dist/tex/latex/xcolor/xcolor.sty
Package: xcolor 2021/10/31 v2.13 LaTeX color extensions (UK)

(/usr/local/texlive/2022/texmf-dist/tex/latex/graphics-cfg/color.cfg
File: color.cfg 2016/01/02 v1.6 sample color configuration
)
Package xcolor Info: Driver file: pdftex.def on input line 227.
Package xcolor Info: Model `cmy' substituted by `cmy0' on input line 1352.
Package xcolor Info: Model `hsb' substituted by `rgb' on input line 1356.
Package xcolor Info: Model `RGB' extended on input line 1368.
Package xcolor Info: Model `HTML' substituted by `rgb' on input line 1370.
Package xcolor Info: Model `Hsb' substituted by `hsb' on input line 1371.
Package xcolor Info: Model `tHsb' substituted by `hsb' on input line 1372.
Package xcolor Info: Model `HSB' substituted by `hsb' on input line 1373.
Package xcolor Info: Model `Gray' substituted by `gray' on input line 1374.
Package xcolor Info: Model `wave' substituted by `hsb' on input line 1375.

(/usr/local/texlive/2022/texmf-dist/tex/latex/graphics/dvipsnam.def
File: dvipsnam.def 2016/06/17 v3.0m Driver-dependent file (DPC,SPQR)
))
(/usr/local/texlive/2022/texmf-dist/tex/generic/xkeyval/pst-xkey.tex
File: pst-xkey.tex 2005/11/25 v1.6 PSTricks specialization of xkeyval (HA)

(/usr/local/texlive/2022/texmf-dist/tex/latex/xkeyval/xkeyval.sty
Package: xkeyval 2020/11/20 v2.8 package option processing (HA)

(/usr/local/texlive/2022/texmf-dist/tex/generic/xkeyval/xkeyval.tex
(/usr/local/texlive/2022/texmf-dist/tex/generic/xkeyval/xkvutils.tex
\XKV@toks=\toks19
\XKV@tempa@toks=\toks20
)
\XKV@depth=\count196
File: xkeyval.tex 2014/12/03 v2.7a key=value parser (HA)
)))
(/usr/local/texlive/2022/texmf-dist/tex/generic/pstricks/pstricks.tex
(/usr/local/texlive/2022/texmf-dist/tex/generic/pstricks/pst-fp.tex
`pst-fp' v0.06, 2020/11/20 (hv)
\pstFP@xs=\count197
\pstFP@xia=\count198
\pstFP@xib=\count199
\pstFP@xfa=\count266
\pstFP@xfb=\count267
\pstFP@rega=\count268
\pstFP@regb=\count269
\pstFP@regs=\count270
\pstFP@times=\count271
)
(/usr/local/texlive/2022/texmf-dist/tex/generic/pgf/utilities/pgfutil-common.te
x
\pgfutil@everybye=\toks21
\pgfutil@tempdima=\dimen149
\pgfutil@tempdimb=\dimen150

(/usr/local/texlive/2022/texmf-dist/tex/generic/pgf/utilities/pgfutil-common-li
sts.tex))
(/usr/local/texlive/2022/texmf-dist/tex/generic/pgf/utilities/pgfkeys.code.tex
\pgfkeys@pathtoks=\toks22
\pgfkeys@temptoks=\toks23

(/usr/local/texlive/2022/texmf-dist/tex/generic/pgf/utilities/pgfkeysfiltered.c
ode.tex
\pgfkeys@tmptoks=\toks24
))
(/usr/local/texlive/2022/texmf-dist/tex/generic/pgf/utilities/pgffor.code.tex
Loading pgffor.code.tex
(/usr/local/texlive/2022/texmf-dist/tex/generic/pgf/math/pgfmath.code.tex
(/usr/local/texlive/2022/texmf-dist/tex/generic/pgf/math/pgfmathcalc.code.tex
(/usr/local/texlive/2022/texmf-dist/tex/generic/pgf/math/pgfmathutil.code.tex
\pgf@x=\dimen151
\pgf@xa=\dimen152
\pgf@xb=\dimen153
\pgf@xc=\dimen154
\pgf@y=\dimen155
\pgf@ya=\dimen156
\pgf@yb=\dimen157
\pgf@yc=\dimen158
\c@pgf@counta=\count272
\c@pgf@countb=\count273
\c@pgf@countc=\count274
\c@pgf@countd=\count275
\pgfutil@tempcnta=\count276
\pgfutil@tempcntb=\count277
)
(/usr/local/texlive/2022/texmf-dist/tex/generic/pgf/math/pgfmathparser.code.tex
\pgfmath@dimen=\dimen159
\pgfmath@count=\count278
\pgfmath@box=\box95
\pgfmath@toks=\toks25
\pgfmath@stack@operand=\toks26
\pgfmath@stack@operation=\toks27
)
(/usr/local/texlive/2022/texmf-dist/tex/generic/pgf/math/pgfmathfunctions.code.
tex
(/usr/local/texlive/2022/texmf-dist/tex/generic/pgf/math/pgfmathfunctions.basic
.code.tex)
(/usr/local/texlive/2022/texmf-dist/tex/generic/pgf/math/pgfmathfunctions.trigo
nometric.code.tex)
(/usr/local/texlive/2022/texmf-dist/tex/generic/pgf/math/pgfmathfunctions.rando
m.code.tex)
(/usr/local/texlive/2022/texmf-dist/tex/generic/pgf/math/pgfmathfunctions.compa
rison.code.tex)
(/usr/local/texlive/2022/texmf-dist/tex/generic/pgf/math/pgfmathfunctions.base.
code.tex)
(/usr/local/texlive/2022/texmf-dist/tex/generic/pgf/math/pgfmathfunctions.round
.code.tex)
(/usr/local/texlive/2022/texmf-dist/tex/generic/pgf/math/pgfmathfunctions.misc.
code.tex)
(/usr/local/texlive/2022/texmf-dist/tex/generic/pgf/math/pgfmathfunctions.integ
erarithmetics.code.tex)))
(/usr/local/texlive/2022/texmf-dist/tex/generic/pgf/math/pgfmathfloat.code.tex
\c@pgfmathroundto@lastzeros=\count279
))
\pgffor@iter=\dimen160
\pgffor@skip=\dimen161
\pgffor@stack=\toks28
\pgffor@toks=\toks29
)
\psLoopIndex=\count280

`PSTricks' v3.13  <2022/01/09> (tvz,hv)
\pst@dima=\dimen162
\pst@dimb=\dimen163
\pst@dimc=\dimen164
\pst@dimd=\dimen165
\pst@dimg=\dimen166
\pst@dimh=\dimen167
\pst@dimm=\dimen168
\pst@dimn=\dimen169
\pst@dimo=\dimen170
\pst@dimp=\dimen171
\pst@hbox=\box96
\pst@ibox=\box97
\pst@boxg=\box98
\pst@cnta=\count281
\pst@cntb=\count282
\pst@cntc=\count283
\pst@cntd=\count284
\pst@cntg=\count285
\pst@cnth=\count286
\pst@cntm=\count287
\pst@cntn=\count288
\pst@cnto=\count289
\pst@cntp=\count290
\@zero=\count291
\pst@toks=\toks30
--- We are running latex or xelatex ---
(/usr/local/texlive/2022/texmf-dist/tex/generic/pstricks/pstricks.con)
(/usr/local/texlive/2022/texmf-dist/tex/generic/pstricks/pstricks-color.tex)
\psunit=\dimen172
\psxunit=\dimen173
\psyunit=\dimen174
\pst@C@@rType=\count292
\pslinewidth=\dimen175
\psk@startLW=\dimen176
\psk@endLW=\dimen177

(/usr/local/texlive/2022/texmf-dist/tex/generic/pstricks/pstricks-arrows.tex
\pshooklength=\dimen178
\pshookwidth=\dimen179
)
\pst@customdefs=\toks31

(/usr/local/texlive/2022/texmf-dist/tex/generic/pstricks/pstricks-dots.tex)
\pslinearc=\dimen180
\pst@symbolStep=\dimen181
\pst@symbolWidth=\dimen182
\pst@symbolLinewidth=\dimen183
\everypsbox=\toks32
\psframesep=\dimen184
\pslabelsep=\dimen185
\sh@wgridXunit=\dimen186
\sh@wgridYunit=\dimen187
\pst@shift=\dimen188
\ps@imagectr=\count293

(/usr/local/texlive/2022/texmf-dist/tex/generic/pstricks/pstricks.con))
File: pstricks.tex 2022/01/09 v3.13 `PSTricks' (tvz,hv)

(/usr/local/texlive/2022/texmf-dist/tex/generic/pstricks/pst-fp.tex
`pst-fp' v0.06, 2020/11/20 (hv))
File: pst-fp.tex 2020/11/20 v0.06 `PST-fp' (hv)
)
(/usr/local/texlive/2022/texmf-dist/tex/latex/auto-pst-pdf/auto-pst-pdf.sty
Package: auto-pst-pdf 2020/10/08 v0.7 Wrapper for pst-pdf

(/usr/local/texlive/2022/texmf-dist/tex/generic/iftex/ifpdf.sty
Package: ifpdf 2019/10/25 v3.4 ifpdf legacy package. Use iftex instead.
)
(/usr/local/texlive/2022/texmf-dist/tex/latex/ifplatform/ifplatform.sty
Package: ifplatform 2017/10/13 v0.4a Testing for the operating system

(/usr/local/texlive/2022/texmf-dist/tex/latex/tools/shellesc.sty
Package: shellesc 2019/11/08 v1.0c unified shell escape interface for LaTeX
Package shellesc Info: Unrestricted shell escape enabled on input line 75.
)
(/usr/local/texlive/2022/texmf-dist/tex/generic/pdftexcmds/pdftexcmds.sty
Package: pdftexcmds 2020-06-27 v0.33 Utility functions of pdfTeX for LuaTeX (HO
)

(/usr/local/texlive/2022/texmf-dist/tex/generic/infwarerr/infwarerr.sty
Package: infwarerr 2019/12/03 v1.5 Providing info/warning/error messages (HO)
)
(/usr/local/texlive/2022/texmf-dist/tex/generic/ltxcmds/ltxcmds.sty
Package: ltxcmds 2020-05-10 v1.25 LaTeX kernel commands for general use (HO)
)
Package pdftexcmds Info: \pdf@primitive is available.
Package pdftexcmds Info: \pdf@ifprimitive is available.
Package pdftexcmds Info: \pdfdraftmode found.
)
(/usr/local/texlive/2022/texmf-dist/tex/generic/catchfile/catchfile.sty
Package: catchfile 2019/12/09 v1.8 Catch the contents of a file (HO)

(/usr/local/texlive/2022/texmf-dist/tex/generic/etexcmds/etexcmds.sty
Package: etexcmds 2019/12/15 v1.7 Avoid name clashes with e-TeX commands (HO)
))
(/usr/local/texlive/2022/texmf-dist/tex/generic/iftex/ifluatex.sty
Package: ifluatex 2019/10/25 v1.5 ifluatex legacy package. Use iftex instead.
)
runsystem(uname -s > "arquivo_2021.w18")...executed.


(./arquivo_2021.w18)
runsystem(rm -- "arquivo_2021.w18")...executed.

)
\c@app@runs=\count294
runsystem(echo " ")...executed.

runsystem(echo "-------------------------------------------------")...executed.

runsystem(echo "auto-pst-pdf: Auxiliary LaTeX compilation")...executed.

runsystem(echo "-------------------------------------------------")...executed.

runsystem(rm -- "arquivo_2021-autopp.log")...executed.

runsystem(latex -no-shell-escape -jobname="arquivo_2021-autopp" -interaction=ba
tchmode  "\let \APPmakepictures \empty \input  arquivo_2021.tex")...executed.



Package auto-pst-pdf Warning: 
    Creation of arquivo_2021-autopp.dvi failed.
This warning occured on input line 128.


Package auto-pst-pdf Warning: 
    Could not create arquivo_2021-pics.pdf. Auxiliary files not deleted.
This warning occured on input line 128.

runsystem(echo "-------------------------------------------------")...executed.

runsystem(echo "auto-pst-pdf: End auxiliary LaTeX compilation")...executed.

runsystem(echo "-------------------------------------------------")...executed.

(/usr/local/texlive/2022/texmf-dist/tex/latex/pst-pdf/pst-pdf.sty
Package: pst-pdf 2020/10/10 v1.2f PS graphics for pdfLaTeX (RN,HjG)

(/usr/local/texlive/2022/texmf-dist/tex/generic/iftex/ifxetex.sty
Package: ifxetex 2019/10/25 v0.7 ifxetex legacy package. Use iftex instead.
)
(/usr/local/texlive/2022/texmf-dist/tex/generic/iftex/ifvtex.sty
Package: ifvtex 2019/10/25 v1.7 ifvtex legacy package. Use iftex instead.
)
(/usr/local/texlive/2022/texmf-dist/tex/generic/luatex85/luatex85.sty
Package: luatex85 2016/06/15 v1.4 pdftex aliases for luatex
)
\c@pspicture=\count295
Package pst-pdf Info: MODE: 1 (pdfTeX mode) on input line 213.
\ppf@output=\toks33

(/usr/local/texlive/2022/texmf-dist/tex/latex/preview/preview.sty
Package: preview 2017/04/24 13.1 (AUCTeX/preview-latex)
\pr@snippet=\count296
\pr@box=\box99
\pr@output=\toks34
)
(/usr/local/texlive/2022/texmf-dist/tex/latex/environ/environ.sty
Package: environ 2014/05/04 v0.3 A new way to define environments

(/usr/local/texlive/2022/texmf-dist/tex/latex/trimspaces/trimspaces.sty
Package: trimspaces 2009/09/17 v1.1 Trim spaces around a token list
)
\@envbody=\toks35
)))
(/usr/local/texlive/2022/texmf-dist/tex/latex/graphics/rotating.sty
Package: rotating 2016/08/11 v2.16d rotated objects in LaTeX

(/usr/local/texlive/2022/texmf-dist/tex/latex/base/ifthen.sty
Package: ifthen 2020/11/24 v1.1c Standard LaTeX ifthen package (DPC)
)
\c@r@tfl@t=\count297
\rotFPtop=\skip49
\rotFPbot=\skip50
\rot@float@box=\box100
\rot@mess@toks=\toks36
)
(/usr/local/texlive/2022/texmf-dist/tex/latex/pstricks-add/pstricks-add.sty
(/usr/local/texlive/2022/texmf-dist/tex/latex/pst-plot/pst-plot.sty
Package: pst-plot 2011/06/05 v1.00 LaTeX wrapper for `pst-plot' (HV)

(/usr/local/texlive/2022/texmf-dist/tex/latex/xkeyval/pst-xkey.sty
Package: pst-xkey 2005/11/25 v1.6 package wrapper for pst-xkey.tex (HA)
)
(/usr/local/texlive/2022/texmf-dist/tex/latex/multido/multido.sty
Package: multido 2004/05/17 package wrapper for PSTricks `multido.tex', (HV/RN)


(/usr/local/texlive/2022/texmf-dist/tex/generic/multido/multido.tex
 v1.42, 2010/05/14 <tvz>
\multido@count=\count298
\multidocount=\count299
\multido@stuff=\toks37
)
File: multido.tex 2010/05/14 v1.42 `multido' (tvz,hv)
)
Package: pst-plot 2021/09/23 package wrapper for pst-plot.tex (hv)

(/usr/local/texlive/2022/texmf-dist/tex/generic/pst-plot/pst-plot.tex
(/usr/local/texlive/2022/texmf-dist/tex/generic/pst-tools/pst-tools.tex
`PST-tools' v0.12, 2021/09/23 (hv)
\randomi=\count300
\ranval=\count301
)
(/usr/local/texlive/2022/texmf-dist/tex/generic/pstricks-add/pstricks-add.tex
(/usr/local/texlive/2022/texmf-dist/tex/generic/pst-node/pst-node.tex
 v1.43, 2022/01/31
\psrow=\count302
\pscol=\count303
\psmatrixcnt=\count304
\psrowsep=\skip51
\pscolsep=\skip52
\pst@args=\count305
\num@pts=\count306
\pst@argcnt=\count307
)
(/usr/local/texlive/2022/texmf-dist/tex/generic/pst-arrow/pst-arrow.tex
`pst-arrow' v0.05, 2021/11/16 (dr,hv))
(/usr/local/texlive/2022/texmf-dist/tex/generic/pst-3d/pst-3d.tex
`PST-3d' v1.11, 2010/02/14 (tvz))
(/usr/local/texlive/2022/texmf-dist/tex/generic/pst-math/pst-math.tex
`pst-math' v0.64 , (CJ,hv)) `pstricks-add' v3.92, 2021/12/25 (dr,hv)
\psparallelogramsep=\dimen189
\pst@cntC=\count308
\pst@stepcount=\count309
\chart@ColorIndex=\dimen190
\chart@ColorStep=\dimen191
\pst@chartHeight=\dimen192
\pst@chartStackDepth=\dimen193
\pst@chartStackWidth=\dimen194
\chart@Toggle=\count310
\psVectorCtr=\count311
)
 v1.93, 2021/09/23 (tvz,hv)
\pstRadUnit=\dimen195
\pstRadUnitInv=\dimen196
\pst@linecnt=\count312
\RCD@file=\read2
\psxlabelsep=\dimen197
\psylabelsep=\dimen198
\psk@subticksize=\dimen199
\pst@xticksizeA=\dimen256
\pst@xticksizeB=\dimen257
\pst@xticksizeC=\dimen258
\pst@yticksizeA=\dimen259
\pst@yticksizeB=\dimen260
\pst@yticksizeC=\dimen261
\@digitcounter=\count313
\psk@llx=\dimen262
\psk@lly=\dimen263
\psk@urx=\dimen264
\psk@ury=\dimen265
\pst@xunit=\dimen266
\pst@yunit=\dimen267
)
File: pst-plot.tex 2021/09/23 1.93 `pst-plot' (tvz,hv)
)
(/usr/local/texlive/2022/texmf-dist/tex/latex/pst-node/pst-node.sty
Package: pst-node 2012/09/18 v1.01 LaTeX wrapper for `pst-node' (HV)
Package: pst-node 2010/04/22 package wrapper for pst-node.tex

(/usr/local/texlive/2022/texmf-dist/tex/generic/pst-node/pst-node.tex)
File: pst-node.tex 2021/09/23 1.93 `pst-node' (tvz,hv)
)
(/usr/local/texlive/2022/texmf-dist/tex/latex/pst-3d/pst-3d.sty
Package: pst-3d 2009/07/28 package wrapper for pst-3d.tex (hv)

(/usr/local/texlive/2022/texmf-dist/tex/generic/pst-3d/pst-3d.tex)
File: pst-3d.tex 2021/09/23 v1.93 `PST-3d' (hv)
)
(/usr/local/texlive/2022/texmf-dist/tex/latex/pst-math/pst-math.sty
Package: pst-math 2018/12/16 v 0.65 package wrapper for PSTricks pst-math.tex

(/usr/local/texlive/2022/texmf-dist/tex/latex/pst-calculate/pst-calculate.sty
Package: pst-calculate 2019/01/24 v. 0.02(Herbert Voss) Support for caculations
 with floating point numbers.

(/usr/local/texlive/2022/texmf-dist/tex/latex/l3packages/xparse/xparse.sty
(/usr/local/texlive/2022/texmf-dist/tex/latex/l3kernel/expl3.sty
Package: expl3 2022-02-24 L3 programming layer (loader) 

(/usr/local/texlive/2022/texmf-dist/tex/latex/l3backend/l3backend-pdftex.def
File: l3backend-pdftex.def 2022-02-07 L3 backend support: PDF output (pdfTeX)
\l__color_backend_stack_int=\count314
\l__pdf_internal_box=\box101
))
Package: xparse 2022-01-12 L3 Experimental document command parser
) (/usr/local/texlive/2022/texmf-dist/tex/latex/siunitx/siunitx.sty
Package: siunitx 2022-02-15 v3.0.49 A comprehensive (SI) units package
\l__siunitx_angle_tmp_dim=\dimen268
\l__siunitx_angle_marker_box=\box102
\l__siunitx_angle_unit_box=\box103
\l__siunitx_compound_count_int=\count315

(/usr/local/texlive/2022/texmf-dist/tex/latex/translations/translations.sty
Package: translations 2022/02/05 v1.12 internationalization of LaTeX2e packages
 (CN)

(/usr/local/texlive/2022/texmf-dist/tex/latex/etoolbox/etoolbox.sty
Package: etoolbox 2020/10/05 v2.5k e-TeX tools for LaTeX (JAW)
\etb@tempcnta=\count316
))
\l__siunitx_number_exponent_fixed_int=\count317
\l__siunitx_number_min_decimal_int=\count318
\l__siunitx_number_min_integer_int=\count319
\l__siunitx_number_round_precision_int=\count320
\l__siunitx_number_group_minimum_int=\count321

(/usr/local/texlive/2022/texmf-dist/tex/latex/amsmath/amstext.sty
Package: amstext 2021/08/26 v2.01 AMS text

(/usr/local/texlive/2022/texmf-dist/tex/latex/amsmath/amsgen.sty
File: amsgen.sty 1999/11/30 v2.0 generic functions
\@emptytoks=\toks38
\ex@=\dimen269
))
\l__siunitx_table_tmp_box=\box104
\l__siunitx_table_tmp_dim=\dimen270
\l__siunitx_table_column_width_dim=\dimen271
\l__siunitx_table_integer_box=\box105
\l__siunitx_table_decimal_box=\box106
\l__siunitx_table_before_box=\box107
\l__siunitx_table_after_box=\box108
\l__siunitx_table_before_dim=\dimen272
\l__siunitx_table_carry_dim=\dimen273
\l__siunitx_unit_tmp_int=\count322
\l__siunitx_unit_position_int=\count323
\l__siunitx_unit_total_int=\count324

(/usr/local/texlive/2022/texmf-dist/tex/latex/l3packages/l3keys2e/l3keys2e.sty
Package: l3keys2e 2022-01-12 LaTeX2e option processing using LaTeX3 keys
) (/usr/local/texlive/2022/texmf-dist/tex/latex/tools/array.sty
Package: array 2021/10/04 v2.5f Tabular extension package (FMi)
\col@sep=\dimen274
\ar@mcellbox=\box109
\extrarowheight=\dimen275
\NC@list=\toks39
\extratabsurround=\skip53
\backup@length=\skip54
\ar@cellbox=\box110
)))
(/usr/local/texlive/2022/texmf-dist/tex/generic/xstring/xstring.sty
(/usr/local/texlive/2022/texmf-dist/tex/generic/xstring/xstring.tex
\integerpart=\count325
\decimalpart=\count326
)
Package: xstring 2021/07/21 v1.84 String manipulations (CT)
)
(/usr/local/texlive/2022/texmf-dist/tex/generic/pst-math/pst-math.tex)
File: pst-math.tex 2021/09/23 v1.93 `PST-math' (hv)
\c@Rand@No=\count327
\c@Random@Left=\count328
\c@Random@Right=\count329
\c@Random@No@max=\count330
)
Package: pstricks-add 2021/09/10 v. 0.17 package wrapper for pstricks-add.tex (
hv)

(/usr/local/texlive/2022/texmf-dist/tex/generic/pstricks-add/pstricks-add.tex)
File: pstricks-add.tex 2021/09/23 v1.93 `PSTricks-add' (hv)
) (/usr/local/texlive/2022/texmf-dist/tex/latex/epstopdf-pkg/epstopdf.sty
Package: epstopdf 2020-01-24 v2.11 Conversion with epstopdf on the fly (HO)

(/usr/local/texlive/2022/texmf-dist/tex/latex/grfext/grfext.sty
Package: grfext 2019/12/03 v1.3 Manage graphics extensions (HO)

(/usr/local/texlive/2022/texmf-dist/tex/generic/kvdefinekeys/kvdefinekeys.sty
Package: kvdefinekeys 2019-12-19 v1.6 Define keys (HO)
)) (/usr/local/texlive/2022/texmf-dist/tex/latex/kvoptions/kvoptions.sty
Package: kvoptions 2020-10-07 v3.14 Key value format for package options (HO)

(/usr/local/texlive/2022/texmf-dist/tex/generic/kvsetkeys/kvsetkeys.sty
Package: kvsetkeys 2019/12/15 v1.18 Key value parser (HO)
))
(/usr/local/texlive/2022/texmf-dist/tex/latex/epstopdf-pkg/epstopdf-base.sty
Package: epstopdf-base 2020-01-24 v2.11 Base part for package epstopdf
Package epstopdf-base Info: Redefining graphics rule for `.eps' on input line 4
85.
Package grfext Info: Graphics extension search list:
(grfext)             [.pdf,.png,.jpg,.mps,.jpeg,.jbig2,.jb2,.PDF,.PNG,.JPG,.JPE
G,.JBIG2,.JB2,.eps]
(grfext)             \AppendGraphicsExtensions on input line 504.

(/usr/local/texlive/2022/texmf-dist/tex/latex/latexconfig/epstopdf-sys.cfg
File: epstopdf-sys.cfg 2010/07/13 v1.3 Configuration of (r)epstopdf for TeX Liv
e
)))
(/usr/local/texlive/2022/texmf-dist/tex/latex/ragged2e/ragged2e.sty
Package: ragged2e 2021/12/15 v3.1 ragged2e Package
\CenteringLeftskip=\skip55
\RaggedLeftLeftskip=\skip56
\RaggedRightLeftskip=\skip57
\CenteringRightskip=\skip58
\RaggedLeftRightskip=\skip59
\RaggedRightRightskip=\skip60
\CenteringParfillskip=\skip61
\RaggedLeftParfillskip=\skip62
\RaggedRightParfillskip=\skip63
\JustifyingParfillskip=\skip64
\CenteringParindent=\skip65
\RaggedLeftParindent=\skip66
\RaggedRightParindent=\skip67
\JustifyingParindent=\skip68
)
(/usr/local/texlive/2022/texmf-dist/tex/latex/tocloft/tocloft.sty
Package: tocloft 2017/08/31 v2.3i parameterised ToC, etc., typesetting


Package tocloft Warning: I don't recognize any sectional divisions so I'll do n
othing on input line 51.

) (/usr/local/texlive/2022/texmf-dist/tex/latex/tools/verbatim.sty
Package: verbatim 2020-07-07 v1.5u LaTeX2e package for verbatim enhancements
\every@verbatim=\toks40
\verbatim@line=\toks41
\verbatim@in@stream=\read3
)
(/usr/local/texlive/2022/texmf-dist/tex/latex/base/report.cls
Document Class: report 2021/10/04 v1.4n Standard LaTeX document class
(/usr/local/texlive/2022/texmf-dist/tex/latex/base/size12.clo
File: size12.clo 2021/10/04 v1.4n Standard LaTeX file (size option)
)
\c@part=\count331
\c@chapter=\count332
\c@section=\count333
\c@subsection=\count334
\c@subsubsection=\count335
\c@paragraph=\count336
\c@subparagraph=\count337
\c@figure=\count338
\c@table=\count339
\abovecaptionskip=\skip69
\belowcaptionskip=\skip70
\bibindent=\dimen276
)
(/usr/local/texlive/2022/texmf-dist/tex/latex/hyperref/hyperref.sty
Package: hyperref 2022-02-21 v7.00n Hypertext links for LaTeX

(/usr/local/texlive/2022/texmf-dist/tex/generic/pdfescape/pdfescape.sty
Package: pdfescape 2019/12/09 v1.15 Implements pdfTeX's escape features (HO)
)
(/usr/local/texlive/2022/texmf-dist/tex/latex/hycolor/hycolor.sty
Package: hycolor 2020-01-27 v1.10 Color options for hyperref/bookmark (HO)
)
(/usr/local/texlive/2022/texmf-dist/tex/latex/letltxmacro/letltxmacro.sty
Package: letltxmacro 2019/12/03 v1.6 Let assignment for LaTeX macros (HO)
)
(/usr/local/texlive/2022/texmf-dist/tex/latex/auxhook/auxhook.sty
Package: auxhook 2019-12-17 v1.6 Hooks for auxiliary files (HO)
)
\@linkdim=\dimen277
\Hy@linkcounter=\count340
\Hy@pagecounter=\count341

(/usr/local/texlive/2022/texmf-dist/tex/latex/hyperref/pd1enc.def
File: pd1enc.def 2022-02-21 v7.00n Hyperref: PDFDocEncoding definition (HO)
Now handling font encoding PD1 ...
... no UTF-8 mapping file for font encoding PD1
)
(/usr/local/texlive/2022/texmf-dist/tex/generic/intcalc/intcalc.sty
Package: intcalc 2019/12/15 v1.3 Expandable calculations with integers (HO)
)
\Hy@SavedSpaceFactor=\count342

(/usr/local/texlive/2022/texmf-dist/tex/latex/hyperref/puenc.def
File: puenc.def 2022-02-21 v7.00n Hyperref: PDF Unicode definition (HO)
Now handling font encoding PU ...
... no UTF-8 mapping file for font encoding PU
)
Package hyperref Info: Hyper figures OFF on input line 4137.
Package hyperref Info: Link nesting OFF on input line 4142.
Package hyperref Info: Hyper index ON on input line 4145.
Package hyperref Info: Plain pages OFF on input line 4152.
Package hyperref Info: Backreferencing OFF on input line 4157.
Package hyperref Info: Implicit mode ON; LaTeX internals redefined.
Package hyperref Info: Bookmarks ON on input line 4390.
\c@Hy@tempcnt=\count343

(/usr/local/texlive/2022/texmf-dist/tex/latex/url/url.sty
\Urlmuskip=\muskip16
Package: url 2013/09/16  ver 3.4  Verb mode for urls, etc.
)
LaTeX Info: Redefining \url on input line 4749.
\XeTeXLinkMargin=\dimen278

(/usr/local/texlive/2022/texmf-dist/tex/generic/bitset/bitset.sty
Package: bitset 2019/12/09 v1.3 Handle bit-vector datatype (HO)

(/usr/local/texlive/2022/texmf-dist/tex/generic/bigintcalc/bigintcalc.sty
Package: bigintcalc 2019/12/15 v1.5 Expandable calculations on big integers (HO
)
))
\Fld@menulength=\count344
\Field@Width=\dimen279
\Fld@charsize=\dimen280
Package hyperref Info: Hyper figures OFF on input line 6027.
Package hyperref Info: Link nesting OFF on input line 6032.
Package hyperref Info: Hyper index ON on input line 6035.
Package hyperref Info: backreferencing OFF on input line 6042.
Package hyperref Info: Link coloring OFF on input line 6047.
Package hyperref Info: Link coloring with OCG OFF on input line 6052.
Package hyperref Info: PDF/A mode OFF on input line 6057.
LaTeX Info: Redefining \ref on input line 6097.
LaTeX Info: Redefining \pageref on input line 6101.

(/usr/local/texlive/2022/texmf-dist/tex/latex/base/atbegshi-ltx.sty
Package: atbegshi-ltx 2021/01/10 v1.0c Emulation of the original atbegshi
package with kernel methods
)
\Hy@abspage=\count345
\c@Item=\count346
\c@Hfootnote=\count347
)
Package hyperref Info: Driver (autodetected): hpdftex.

(/usr/local/texlive/2022/texmf-dist/tex/latex/hyperref/hpdftex.def
File: hpdftex.def 2022-02-21 v7.00n Hyperref driver for pdfTeX

(/usr/local/texlive/2022/texmf-dist/tex/latex/base/atveryend-ltx.sty
Package: atveryend-ltx 2020/08/19 v1.0a Emulation of the original atveryend pac
kage
with kernel methods
)
\Fld@listcount=\count348
\c@bookmark@seq@number=\count349

(/usr/local/texlive/2022/texmf-dist/tex/latex/rerunfilecheck/rerunfilecheck.sty
Package: rerunfilecheck 2019/12/05 v1.9 Rerun checks for auxiliary files (HO)

(/usr/local/texlive/2022/texmf-dist/tex/generic/uniquecounter/uniquecounter.sty
Package: uniquecounter 2019/12/15 v1.4 Provide unlimited unique counter (HO)
)
Package uniquecounter Info: New unique counter `rerunfilecheck' on input line 2
86.
)
\Hy@SectionHShift=\skip71
) (/usr/local/texlive/2022/texmf-dist/tex/latex/abntex2/abntex2cite.sty
Package: abntex2cite 2018/11/24 v-1.9.7 abnTeX2

(/usr/local/texlive/2022/texmf-dist/tex/latex/tools/calc.sty
Package: calc 2017/05/25 v4.3 Infix arithmetic (KKT,FJ)
\calc@Acount=\count350
\calc@Bcount=\count351
\calc@Adimen=\dimen281
\calc@Bdimen=\dimen282
\calc@Askip=\skip72
\calc@Bskip=\skip73
LaTeX Info: Redefining \setlength on input line 80.
LaTeX Info: Redefining \addtolength on input line 81.
\calc@Ccount=\count352
\calc@Cskip=\skip74
)
(/usr/local/texlive/2022/texmf-dist/tex/latex/abntex2/abntex2abrev.sty)
\minimumbiblabelwidth=\skip75
\ABCIauxlen=\skip76
\c@ABCIaux=\count353
\c@ABCImax=\count354

(/usr/local/texlive/2022/texmf-dist/tex/latex/relsize/relsize.sty
Package: relsize 2013/03/29 ver 4.1
)
\biblabelsep=\skip77
LaTeX Info: Redefining \newblock on input line 591.
LaTeX Info: Redefining \cite on input line 618.
\ABCItoken=\toks42
)
(/usr/local/texlive/2022/texmf-dist/tex/generic/babel/babel.sty
Package: babel 2022/02/26 3.73 The Babel package
\babel@savecnt=\count355
\U@D=\dimen283
\l@unhyphenated=\language87

(/usr/local/texlive/2022/texmf-dist/tex/generic/babel/txtbabel.def)
\bbl@readstream=\read4
\bbl@dirlevel=\count356

(/usr/local/texlive/2022/texmf-dist/tex/generic/babel-portuges/brazil.ldf
Language: portuges 2021/07/09 v1.2t Portuguese support from the babel system
Package babel Info: Hyphen rules for 'brazil' set to \l@portuguese
(babel)             (\language70). Reported on input line 111.
Package babel Info: Making " an active character on input line 143.
))
(/usr/local/texlive/2022/texmf-dist/tex/latex/base/fontenc.sty
Package: fontenc 2021/04/29 v2.0v Standard LaTeX package
)
(/usr/local/texlive/2022/texmf-dist/tex/latex/tools/indentfirst.sty
Package: indentfirst 1995/11/23 v1.03 Indent first paragraph (DPC)
)
(/usr/local/texlive/2022/texmf-dist/tex/latex/base/textcomp.sty
Package: textcomp 2020/02/02 v2.0n Standard LaTeX package
)
(/usr/local/texlive/2022/texmf-dist/tex/latex/picinpar/picinpar.sty
Pictures in Paragraphs. Version 1.2a, July 13, 1993
\br=\count357
\bl=\count358
\na=\count359
\nb=\count360
\tcdsav=\count361
\tcl=\count362
\tcd=\count363
\tcn=\count364
\cumtcl=\count365
\cumpartcl=\count366
\lftside=\dimen284
\rtside=\dimen285
\hpic=\dimen286
\vpic=\dimen287
\strutilg=\dimen288
\picwd=\dimen289
\topheight=\dimen290
\ilg=\dimen291
\lpic=\dimen292
\lwindowsep=\dimen293
\rwindowsep=\dimen294
\cumpar=\dimen295
\twa=\toks43
\la=\toks44
\ra=\toks45
\ha=\toks46
\pictoc=\toks47
\rawtext=\box111
\holder=\box112
\windowbox=\box113
\wartext=\box114
\finaltext=\box115
\aslice=\box116
\bslice=\box117
\wbox=\box118
\wstrutbox=\box119
\picbox=\box120
\waslice=\box121
\wbslice=\box122
\fslice=\box123
) (/usr/local/texlive/2022/texmf-dist/tex/generic/path/path.sty
This is path.sty, Version 3.05 <7-Apr-2011>
\c@tcode=\count367
\c@unter=\count368
) (/usr/local/texlive/2022/texmf-dist/tex/latex/carlisle/scalefnt.sty)
(/usr/local/texlive/2022/texmf-dist/tex/latex/textcase/textcase.sty
Package: textcase 2019/09/14 v1.00 Text only upper/lower case changing (DPC)
)
(/usr/local/texlive/2022/texmf-dist/tex/latex/amsmath/amsmath.sty
Package: amsmath 2021/10/15 v2.17l AMS math features
\@mathmargin=\skip78

For additional information on amsmath, use the `?' option.
(/usr/local/texlive/2022/texmf-dist/tex/latex/amsmath/amsbsy.sty
Package: amsbsy 1999/11/29 v1.2d Bold Symbols
\pmbraise@=\dimen296
)
(/usr/local/texlive/2022/texmf-dist/tex/latex/amsmath/amsopn.sty
Package: amsopn 2021/08/26 v2.02 operator names
)
\inf@bad=\count369
LaTeX Info: Redefining \frac on input line 234.
\uproot@=\count370
\leftroot@=\count371
LaTeX Info: Redefining \overline on input line 399.
\classnum@=\count372
\DOTSCASE@=\count373
LaTeX Info: Redefining \ldots on input line 496.
LaTeX Info: Redefining \dots on input line 499.
LaTeX Info: Redefining \cdots on input line 620.
\Mathstrutbox@=\box124
\strutbox@=\box125
\big@size=\dimen297
LaTeX Font Info:    Redeclaring font encoding OML on input line 743.
LaTeX Font Info:    Redeclaring font encoding OMS on input line 744.
\macc@depth=\count374
\c@MaxMatrixCols=\count375
\dotsspace@=\muskip17
\c@parentequation=\count376
\dspbrk@lvl=\count377
\tag@help=\toks48
\row@=\count378
\column@=\count379
\maxfields@=\count380
\andhelp@=\toks49
\eqnshift@=\dimen298
\alignsep@=\dimen299
\tagshift@=\dimen300
\tagwidth@=\dimen301
\totwidth@=\dimen302
\lineht@=\dimen303
\@envbody=\toks50
\multlinegap=\skip79
\multlinetaggap=\skip80
\mathdisplay@stack=\toks51
LaTeX Info: Redefining \[ on input line 2938.
LaTeX Info: Redefining \] on input line 2939.
)
(/usr/local/texlive/2022/texmf-dist/tex/latex/tools/enumerate.sty
Package: enumerate 2015/07/23 v3.00 enumerate extensions (DPC)
\@enLab=\toks52
)
(/usr/local/texlive/2022/texmf-dist/tex/latex/amsfonts/amssymb.sty
Package: amssymb 2013/01/14 v3.01 AMS font symbols

(/usr/local/texlive/2022/texmf-dist/tex/latex/amsfonts/amsfonts.sty
Package: amsfonts 2013/01/14 v3.01 Basic AMSFonts support
\symAMSa=\mathgroup4
\symAMSb=\mathgroup5
LaTeX Font Info:    Redeclaring math symbol \hbar on input line 98.
LaTeX Font Info:    Overwriting math alphabet `\mathfrak' in version `bold'
(Font)                  U/euf/m/n --> U/euf/b/n on input line 106.
))
(/usr/local/texlive/2022/texmf-dist/tex/generic/epsf/epsf.sty
This is `epsf.tex' v2.7.4 <14 February 2011>
\epsffilein=\read5
\epsfframemargin=\dimen304
\epsfframethickness=\dimen305
\epsfrsize=\dimen306
\epsftmp=\dimen307
\epsftsize=\dimen308
\epsfxsize=\dimen309
\epsfysize=\dimen310
\pspoints=\dimen311
) (/usr/local/texlive/2022/texmf-dist/tex/latex/float/float.sty
Package: float 2001/11/08 v1.3d Float enhancements (AL)
\c@float@type=\count381
\float@exts=\toks53
\float@box=\box126
\@float@everytoks=\toks54
\@floatcapt=\box127
)
(/usr/local/texlive/2022/texmf-dist/tex/latex/base/fontenc.sty
Package: fontenc 2021/04/29 v2.0v Standard LaTeX package
)
(/usr/local/texlive/2022/texmf-dist/tex/latex/xifthen/xifthen.sty
Package: xifthen 2015/11/05 v1.4.0 Extended ifthen features

(/usr/local/texlive/2022/texmf-dist/tex/latex/ifmtarg/ifmtarg.sty
Package: ifmtarg 2018/04/16 v1.2b check for an empty argument
))
(/usr/local/texlive/2022/texmf-dist/tex/latex/totcount/totcount.sty
Package: totcount 2011/01/25 v1.2 package for gettingthe total value of LaTeX c
ounters
)
(./tocstyle.sty
Package: tocstyle 2009/11/09 v0.2d-alpha LaTeX2e KOMA-Script package (versatile
 toc styles)


Package tocstyle Warning: THIS IS AN ALPHA VERSION!
(tocstyle)                USAGE OF THIS VERSION IS ON YOUR OWN RISK!
(tocstyle)                EVERYTHING MAY HAPPEN!
(tocstyle)                EVERYTHING MAY CHANGE IN FUTURE!
(tocstyle)                THERE IS NO SUPPORT, IF YOU USE THIS PACKAGE!
(tocstyle)                Maybe it would be better, not to load this package.

\tocstyle@indentstyle=\count382
Package tocstyle Info: no tocstyle.cfg found on input line 838.
)
exclude: 
exclude: 
exclude: 
exclude: 
exclude: 
exclude: 
exclude: 
exclude: 
exclude: 
exclude: 
exclude: 
exclude: 
exclude: 
exclude: 
exclude: 
(/usr/local/texlive/2022/texmf-dist/tex/latex/newfloat/newfloat.sty
Package: newfloat 2019/09/02 v1.1l Defining new floating environments (AR)
Package newfloat Info: Document class `report' detected (Hy).
Package newfloat Info: `rotating' package detected.
)
Package newfloat Info: New float `quadro' with options ` fileext=los, listname=
Lista de Quadros, name=Quadro, placement=tbhp, within=chapter, ' on input line 
97.
\c@quadro=\count383
Package newfloat Info: float type `quadro'=4 on input line 97.
Package newfloat Info: New float `grafico' with options ` fileext=logg, listnam
e=Lista de Gráficos, name=Gráfico, placement=tbhp, within=chapter, ' on input
 line 106.
\c@grafico=\count384
Package newfloat Info: float type `grafico'=8 on input line 106.
Package newfloat Info: New float `ilustracao' with options ` fileext=loi, listn
ame=Lista de Ilustrações, name=Ilustração, placement=tbhp, within=chapter, 
' on input line 114.
\c@ilustracao=\count385
Package newfloat Info: float type `ilustracao'=16 on input line 114.

(/usr/local/texlive/2022/texmf-dist/tex/latex/caption/caption.sty
Package: caption 2022/03/01 v3.6b Customizing captions (AR)

(/usr/local/texlive/2022/texmf-dist/tex/latex/caption/caption3.sty
Package: caption3 2022/03/17 v2.3b caption3 kernel (AR)
\caption@tempdima=\dimen312
\captionmargin=\dimen313
\caption@leftmargin=\dimen314
\caption@rightmargin=\dimen315
\caption@width=\dimen316
\caption@indent=\dimen317
\caption@parindent=\dimen318
\caption@hangindent=\dimen319
Package caption Info: Standard document class detected.
)
\c@caption@flags=\count386
\c@continuedfloat=\count387
Package caption Info: float package is loaded.
Package caption Info: hyperref package is loaded.
Package caption Info: picinpar package is loaded.
Package caption Info: rotating package is loaded.
))
(/usr/local/texlive/2022/texmf-dist/tex/latex/lipsum/lipsum.sty
Package: lipsum 2021-09-20 v2.7 150 paragraphs of Lorem Ipsum dummy text
\g__lipsum_par_int=\count388
\l__lipsum_a_int=\count389
\l__lipsum_b_int=\count390

(/usr/local/texlive/2022/texmf-dist/tex/latex/lipsum/lipsum.ltd.tex))
(/usr/local/texlive/2022/texmf-dist/tex/latex/quoting/quoting.sty
Package: quoting 2014/01/28 v0.1c Consolidated environment for displayed text
\quo@toppartop=\skip81
)
(/usr/local/texlive/2022/texmf-dist/tex/latex/psnfss/helvet.sty
Package: helvet 2020/03/25 PSNFSS-v9.3 (WaS) 
)
LaTeX Font Info:    Trying to load font information for T1+phv on input line 28
1.

(/usr/local/texlive/2022/texmf-dist/tex/latex/psnfss/t1phv.fd
File: t1phv.fd 2020/03/25 scalable font definitions for T1/phv.
)
LaTeX Font Info:    Font shape `T1/phv/m/n' will be
(Font)              scaled to size 11.39996pt on input line 281.

(./arquivo_2021.aux)
\openout1 = `arquivo_2021.aux'.

LaTeX Font Info:    Checking defaults for OML/cmm/m/it on input line 281.
LaTeX Font Info:    ... okay on input line 281.
LaTeX Font Info:    Checking defaults for OMS/cmsy/m/n on input line 281.
LaTeX Font Info:    ... okay on input line 281.
LaTeX Font Info:    Checking defaults for OT1/cmr/m/n on input line 281.
LaTeX Font Info:    ... okay on input line 281.
LaTeX Font Info:    Checking defaults for T1/cmr/m/n on input line 281.
LaTeX Font Info:    ... okay on input line 281.
LaTeX Font Info:    Checking defaults for TS1/cmr/m/n on input line 281.
LaTeX Font Info:    ... okay on input line 281.
LaTeX Font Info:    Checking defaults for OMX/cmex/m/n on input line 281.
LaTeX Font Info:    ... okay on input line 281.
LaTeX Font Info:    Checking defaults for U/cmr/m/n on input line 281.
LaTeX Font Info:    ... okay on input line 281.
LaTeX Font Info:    Checking defaults for PD1/pdf/m/n on input line 281.
LaTeX Font Info:    ... okay on input line 281.
LaTeX Font Info:    Checking defaults for PU/pdf/m/n on input line 281.
LaTeX Font Info:    ... okay on input line 281.

(/usr/local/texlive/2022/texmf-dist/tex/context/base/mkii/supp-pdf.mkii
[Loading MPS to PDF converter (version 2006.09.02).]
\scratchcounter=\count391
\scratchdimen=\dimen320
\scratchbox=\box128
\nofMPsegments=\count392
\nofMParguments=\count393
\everyMPshowfont=\toks55
\MPscratchCnt=\count394
\MPscratchDim=\dimen321
\MPnumerator=\count395
\makeMPintoPDFobject=\count396
\everyMPtoPDFconversion=\toks56
)
Preview: Fontsize 12pt
Preview: PDFoutput 1

(/usr/local/texlive/2022/texmf-dist/tex/latex/translations/translations-basic-d
ictionary-brazil.trsl
File: translations-basic-dictionary-brazil.trsl (brazil translation file `trans
lations-basic-dictionary')
)
Package translations Info: loading dictionary `translations-basic-dictionary' f
or `brazil'. on input line 281.
Package hyperref Info: Link coloring OFF on input line 281.

(/usr/local/texlive/2022/texmf-dist/tex/latex/hyperref/nameref.sty
Package: nameref 2021-04-02 v2.47 Cross-referencing by name of section

(/usr/local/texlive/2022/texmf-dist/tex/latex/refcount/refcount.sty
Package: refcount 2019/12/15 v3.6 Data extraction from label references (HO)
)
(/usr/local/texlive/2022/texmf-dist/tex/generic/gettitlestring/gettitlestring.s
ty
Package: gettitlestring 2019/12/15 v1.6 Cleanup title references (HO)
)
\c@section@level=\count397
)
LaTeX Info: Redefining \ref on input line 281.
LaTeX Info: Redefining \pageref on input line 281.
LaTeX Info: Redefining \nameref on input line 281.
 (./arquivo_2021.out) (./arquivo_2021.out)
\@outlinefile=\write3
\openout3 = `arquivo_2021.out'.

LaTeX Font Info:    Font shape `T1/phv/m/n' will be
(Font)              scaled to size 13.67995pt on input line 281.
LaTeX Font Info:    Font shape `T1/phv/b/n' will be
(Font)              scaled to size 13.67995pt on input line 281.
Package tocstyle Info: prepare \l@part for redefinition on input line 281.
LaTeX Font Info:    Font shape `T1/phv/b/n' will be
(Font)              scaled to size 11.39996pt on input line 281.
Package tocstyle Info: prepare \l@chapter for redefinition on input line 281.
Package tocstyle Info: prepare \l@section for redefinition on input line 281.
LaTeX Font Info:    Trying to load font information for U+msa on input line 281
.

(/usr/local/texlive/2022/texmf-dist/tex/latex/amsfonts/umsa.fd
File: umsa.fd 2013/01/14 v3.01 AMS symbols A
)
LaTeX Font Info:    Trying to load font information for U+msb on input line 281
.

(/usr/local/texlive/2022/texmf-dist/tex/latex/amsfonts/umsb.fd
File: umsb.fd 2013/01/14 v3.01 AMS symbols B
)
Package tocstyle Info: prepare \l@subsection for redefinition on input line 281
.
Package tocstyle Info: prepare \l@subsubsection for redefinition on input line 
281.
Package tocstyle Info: prepare \l@paragraph for redefinition on input line 281.

Package tocstyle Info: prepare \l@subparagraph for redefinition on input line 2
81.
Package tocstyle Info: prepare \l@table for redefinition on input line 281.
Package tocstyle Info: prepare \l@figure for redefinition on input line 281.


Package tocstyle Warning: unexpected \@dottedtocline definition!
(tocstyle)                You are either using an unknown LaTeX kernel
(tocstyle)                version, an unknown class or package, that redefines
(tocstyle)                \@dottedtocline, or a \@dottedtocline redefinition
(tocstyle)                at the document preamble.
(tocstyle)                Because of this you may get unexpected results!
(tocstyle)                Maybe it would be better not to use package tocstyle.


Package tocstyle Info: Unexpected definition is:
(tocstyle)             macro:#1#2#3#4#5->\ifnum #1>\c@tocdepth \else \vskip \z@
 \@plus .2\p@ {\leftskip #2\relax \rightskip \@tocrmarg \parfillskip -\rightski
p \parindent #2\relax \@afterindenttrue \interlinepenalty \@M \leavevmode \@tem
pdima #3\relax \advance \leftskip \@tempdima \null \nobreak \hskip -\leftskip {
#4}\nobreak \leaders \hbox {$\m@th \mkern \@dotsep mu\hbox {.}\mkern \@dotsep m
u$}\hfill \nobreak \hb@xt@ \@pnumwidth {\hfil \normalfont \normalcolor #5\kern 
-\p@ \kern \p@ }\par }\fi  on input line 281.
Package newfloat Info: `float' package detected.
Package caption Info: Begin \AtBeginDocument code.
Package caption Info: End \AtBeginDocument code.
LaTeX Font Info:    Font shape `T1/phv/m/n' will be
(Font)              scaled to size 16.41594pt on input line 286.
LaTeX Font Info:    Font shape `T1/phv/m/n' will be
(Font)              scaled to size 15.20108pt on input line 286.
[1
Non-PDF special ignored!
<special> header=pstricks.pro
Non-PDF special ignored!
<special> header=pst-algparser.pro
Non-PDF special ignored!
<special> header=pst-tools.pro
Non-PDF special ignored!
<special> header=pst-dots.pro
Non-PDF special ignored!
<special> ps: /pssetRGBcolor /setrgbcolor load def /pssetCMYKcolor /setcmyk...
Non-PDF special ignored!
<special> ps:tx@Dict begin  gsave STV CP T /ps@rot 0 def grestore  end
Non-PDF special ignored!
<special> ps:tx@Dict begin  gsave STV CP T /ps@refangle 0.  def grestore  e...
Non-PDF special ignored!
<special> ps:0.8 setlinewidth 0 setgray

{/usr/local/texlive/2022/texmf-var/fonts/map/pdftex/updmap/pdftex.map}]
LaTeX Font Info:    Trying to load font information for TS1+phv on input line 2
86.

(/usr/local/texlive/2022/texmf-dist/tex/latex/psnfss/ts1phv.fd
File: ts1phv.fd 2020/03/25 scalable font definitions for TS1/phv.
)
LaTeX Font Info:    Font shape `TS1/phv/m/n' will be
(Font)              scaled to size 11.39996pt on input line 286.
LaTeX Font Info:    Font shape `T1/phv/m/n' will be
(Font)              scaled to size 7.59998pt on input line 286.
LaTeX Font Info:    Font shape `T1/phv/m/n' will be
(Font)              scaled to size 5.69998pt on input line 286.
<ficha_catalografica.pdf, id=59, 597.51233pt x 845.0471pt>
File: ficha_catalografica.pdf Graphic file (type pdf)
<use ficha_catalografica.pdf>
Package pdftex.def Info: ficha_catalografica.pdf  used on input line 286.
(pdftex.def)             Requested size: 455.7043pt x 622.70418pt.

Overfull \hbox (0.46022pt too wide) in paragraph at lines 286--286
[] 
 []

[2] [3 <./ficha_catalografica.pdf>] [4]
Overfull \vbox (3.0pt too high) has occurred while \output is active []


pdfTeX warning (ext4): destination with the same identifier (name{page.3}) has 
been already used, duplicate ignored
<to be read again> 
                   \relax 
l.286 \pretextual
                   %%%% GERA AS PAGINAS PRE-TEXTUAIS [3]
pdfTeX warning (ext4): destination with the same identifier (name{page.4}) has 
been already used, duplicate ignored
<to be read again> 
                   \relax 
l.286 \pretextual
                   %%%% GERA AS PAGINAS PRE-TEXTUAIS [4

] [5

]
LaTeX Font Info:    Font shape `T1/phv/m/n' will be
(Font)              scaled to size 9.49997pt on input line 286.

Overfull \vbox (3.0pt too high) has occurred while \output is active []

 [6]
Underfull \hbox (badness 10000) in paragraph at lines 286--286

 []


Underfull \hbox (badness 10000) in paragraph at lines 286--286

 []


Overfull \vbox (3.0pt too high) has occurred while \output is active []

 [7]
Underfull \hbox (badness 10000) in paragraph at lines 286--286

 []


Underfull \hbox (badness 10000) in paragraph at lines 286--286

 []


Overfull \vbox (3.0pt too high) has occurred while \output is active []

 [8]
(./arquivo_2021.lof)
\tf@lof=\write4
\openout4 = `arquivo_2021.lof'.

 [9

] (./arquivo_2021.logg)
\tf@logg=\write5
\openout5 = `arquivo_2021.logg'.

 [10

] (./arquivo_2021.loi)
\tf@loi=\write6
\openout6 = `arquivo_2021.loi'.


[11

] (./arquivo_2021.lot)
\tf@lot=\write7
\openout7 = `arquivo_2021.lot'.

 [12

] (./arquivo_2021.los)
\tf@los=\write8
\openout8 = `arquivo_2021.los'.

 [13

] [14

] [15

]
Underfull \hbox (badness 10000) detected at line 286
[]$\OML/cmm/m/it/14.4 u[]$[]
 []


Underfull \hbox (badness 10000) detected at line 286
[]$\OML/cmm/m/it/14.4 w[]$[]
 []


Underfull \hbox (badness 10000) detected at line 286
[]$\OT1/cmr/m/n/14.4 (\OML/cmm/m/it/14.4 Re\OT1/cmr/m/n/14.4 )[]$[]
 []

[16

] (./arquivo_2021.toc
number indent by \l@... (toc, 0):  0.0pt
text indent by \l@... (toc, 0):  17.09995pt
number indent by parent (toc, 0):  0.0pt
text indent calculated (toc, 0): 12.03828pt
number indent calculated (toc, 0): 0.0pt
text noindent (toc, 0): 50.06776pt
number noindent (toc, 0): 0.0pt
number indent by \l@... (toc, 0):  0.0pt
text indent by \l@... (toc, 0):  17.09995pt
number indent by parent (toc, 0):  0.0pt
text indent calculated (toc, 0): 12.03828pt
number indent calculated (toc, 0): 0.0pt
text noindent (toc, 0): 50.06776pt
number noindent (toc, 0): 0.0pt
number indent by \l@... (toc, 1):  17.09995pt
text indent by \l@... (toc, 1):  26.21994pt
number indent by parent (toc, 1):  12.03828pt
text indent calculated (toc, 1): 21.54565pt
number indent calculated (toc, 1): 12.03828pt
text noindent (toc, 1): 50.06776pt
number noindent (toc, 1): 0.0pt
number indent by \l@... (toc, 2):  43.31989pt
text indent by \l@... (toc, 2):  36.47984pt
number indent by parent (toc, 2):  33.58394pt
text indent calculated (toc, 2): 31.05302pt
number indent calculated (toc, 2): 33.58394pt
text noindent (toc, 2): 50.06776pt
number noindent (toc, 2): 0.0pt
LaTeX Font Info:    Font shape `T1/phv/b/it' in size <12> not available
(Font)              Font shape `T1/phv/b/sl' tried instead on input line 5.
LaTeX Font Info:    Font shape `T1/phv/b/sl' will be
(Font)              scaled to size 11.39996pt on input line 5.
number indent by \l@... (toc, 3):  79.79974pt
text indent by \l@... (toc, 3):  46.73991pt
number indent by parent (toc, 3):  64.63696pt
text indent calculated (toc, 3): 40.5604pt
number indent calculated (toc, 3): 64.63696pt
text noindent (toc, 3): 50.06776pt
number noindent (toc, 3): 0.0pt
LaTeX Font Info:    Font shape `T1/phv/m/it' in size <12> not available
(Font)              Font shape `T1/phv/m/sl' tried instead on input line 6.
LaTeX Font Info:    Font shape `T1/phv/m/sl' will be
(Font)              scaled to size 11.39996pt on input line 6.
number indent by \l@... (toc, 3):  79.79974pt
text indent by \l@... (toc, 3):  46.73991pt
number indent by parent (toc, 3):  64.63696pt
text indent calculated (toc, 3): 40.5604pt
number indent calculated (toc, 3): 64.63696pt
text noindent (toc, 3): 50.06776pt
number noindent (toc, 3): 0.0pt
number indent by \l@... (toc, 4):  113.99963pt
text indent by \l@... (toc, 4):  56.99982pt
number indent by parent (toc, 4):  105.19736pt
text indent calculated (toc, 4): 50.06776pt
number indent calculated (toc, 4): 105.19736pt
text noindent (toc, 4): 50.06776pt
number noindent (toc, 4): 0.0pt
number indent by \l@... (toc, 0):  0.0pt
text indent by \l@... (toc, 0):  17.09995pt
number indent by parent (toc, 0):  0.0pt
text indent calculated (toc, 0): 12.03828pt
number indent calculated (toc, 0): 0.0pt
text noindent (toc, 0): 50.06776pt
number noindent (toc, 0): 0.0pt
number indent by \l@... (toc, 0):  0.0pt
text indent by \l@... (toc, 0):  17.09995pt
number indent by parent (toc, 0):  0.0pt
text indent calculated (toc, 0): 12.03828pt
number indent calculated (toc, 0): 0.0pt
text noindent (toc, 0): 50.06776pt
number noindent (toc, 0): 0.0pt
number indent by \l@... (toc, 0):  0.0pt
text indent by \l@... (toc, 0):  17.09995pt
number indent by parent (toc, 0):  0.0pt
text indent calculated (toc, 0): 12.03828pt
number indent calculated (toc, 0): 0.0pt
text noindent (toc, 0): 50.06776pt
number noindent (toc, 0): 0.0pt
number indent by \l@... (toc, 0):  0.0pt
text indent by \l@... (toc, 0):  17.09995pt
number indent by parent (toc, 0):  0.0pt
text indent calculated (toc, 0): 12.03828pt
number indent calculated (toc, 0): 0.0pt
text noindent (toc, 0): 50.06776pt
number noindent (toc, 0): 0.0pt
number indent by \l@... (toc, 0):  0.0pt
text indent by \l@... (toc, 0):  17.09995pt
number indent by parent (toc, 0):  0.0pt
text indent calculated (toc, 0): 12.03828pt
number indent calculated (toc, 0): 0.0pt
text noindent (toc, 0): 50.06776pt
number noindent (toc, 0): 0.0pt
)
\tf@toc=\write9
\openout9 = `arquivo_2021.toc'.

 [17

]
Overfull \vbox (6.48169pt too high) has occurred while \output is active []


[18


]
Overfull \vbox (6.48169pt too high) has occurred while \output is active []


[19]
LaTeX Font Info:    Font shape `T1/phv/m/n' will be
(Font)              scaled to size 6.64998pt on input line 310.

Overfull \hbox (2.92654pt too wide) in paragraph at lines 310--311
\T1/phv/m/n/12 clas-ses de ci-ta-es. To-das elas po-dem ser usa-das com o $\O
MS/cmsy/m/n/12 n$\T1/phv/m/sl/12 cite$\OMS/cmsy/m/n/12 f$\T1/phv/m/sl/12 label$
\OMS/cmsy/m/n/12 g$ \T1/phv/m/n/12 ou $\OMS/cmsy/m/n/12 n$\T1/phv/m/sl/12 citeo
nline$\OMS/cmsy/m/n/12 f$\T1/phv/m/sl/12 label$\OMS/cmsy/m/n/12 g$\T1/phv/m/n/1
2 ,
 []

LaTeX Font Info:    Trying to load font information for T1+cmtt on input line 3
16.
(/usr/local/texlive/2022/texmf-dist/tex/latex/base/t1cmtt.fd
File: t1cmtt.fd 2019/12/16 v2.5j Standard LaTeX font definitions
)
Overfull \vbox (6.48169pt too high) has occurred while \output is active []


[20

]
Overfull \hbox (1.59436pt too wide) in paragraph at lines 345--345
[]\T1/cmtt/m/n/12 Sobre a circulao geral da atmosfera pode-se dizer que os ve
ntos do norte 
 []


Overfull \vbox (6.38434pt too high) has occurred while \output is active []


[21]
Overfull \vbox (6.38434pt too high) has occurred while \output is active []


[22]
Overfull \vbox (6.48169pt too high) has occurred while \output is active []


[23

]
Package hyperref Info: bookmark level for unknown quadro defaults to 0 on input
 line 449.

Overfull \hbox (20.11484pt too wide) in paragraph at lines 472--472
[]\T1/cmtt/m/n/12 \caption{\label{exepretex}Sequncia dos elementros pr-testua
is da MDT-UFSM.}[] 
 []

<figuras/pretextuais.png, id=284, 579.66562pt x 306.39468pt>
File: figuras/pretextuais.png Graphic file (type png)
<use figuras/pretextuais.png>
Package pdftex.def Info: figuras/pretextuais.png  used on input line 482.
(pdftex.def)             Requested size: 273.14922pt x 144.37953pt.

Overfull \vbox (6.38434pt too high) has occurred while \output is active []


[24]
Overfull \hbox (20.11484pt too wide) in paragraph at lines 490--490
[]\T1/cmtt/m/n/12 \caption{\label{exepretex1}Sequncia dos elementros pr-testu
ais da MDT-UFSM}[] 
 []

Package hyperref Info: bookmark level for unknown ilustracao defaults to 0 on i
nput line 498.
File: figuras/pretextuais.png Graphic file (type png)
<use figuras/pretextuais.png>
Package pdftex.def Info: figuras/pretextuais.png  used on input line 500.
(pdftex.def)             Requested size: 273.14922pt x 144.37953pt.

Overfull \hbox (26.28833pt too wide) in paragraph at lines 509--509
[]\T1/cmtt/m/n/12 \caption{\label{exepretex3} Um exemplo de utilizao do ambie
nte ``grafico''.}[] 
 []


Overfull \vbox (6.48169pt too high) has occurred while \output is active []


[25 <./figuras/pretextuais.png>]
Package hyperref Info: bookmark level for unknown grafico defaults to 0 on inpu
t line 515.
<figuras/estrutura_com.pdf, id=298, 1373.13pt x 1084.05pt>
File: figuras/estrutura_com.pdf Graphic file (type pdf)
<use figuras/estrutura_com.pdf>
Package pdftex.def Info: figuras/estrutura_com.pdf  used on input line 517.
(pdftex.def)             Requested size: 273.14922pt x 215.63173pt.

Overfull \vbox (6.48169pt too high) has occurred while \output is active []


[26 <./figuras/estrutura_com.pdf>]
Overfull \vbox (6.38434pt too high) has occurred while \output is active []


[27

] (./arquivo_2021.bbl
Overfull \vbox (6.48169pt too high) has occurred while \output is active []


[28]

Package hyperref Warning: Token not allowed in a PDF string (Unicode):
(hyperref)                removing `\noindent' on input line 3.

[29

])
Overfull \vbox (6.48169pt too high) has occurred while \output is active []


[30]

Package hyperref Warning: Token not allowed in a PDF string (Unicode):
(hyperref)                removing `\noindent' on input line 548.

[31

]
Overfull \vbox (6.48169pt too high) has occurred while \output is active []


[32]
pdfTeX warning (ext4): destination with the same identifier (name{appendix.A}) 
has been already used, duplicate ignored
<to be read again> 
                   \relax 
l.558 \chapter{Algo interessante que alguém fez}
                                                 

Package hyperref Warning: Token not allowed in a PDF string (Unicode):
(hyperref)                removing `\noindent' on input line 558.

[33

]
<figuras/lombada.png, id=348, 441.90094pt x 423.08063pt>
File: figuras/lombada.png Graphic file (type png)
<use figuras/lombada.png>
Package pdftex.def Info: figuras/lombada.png  used on input line 565.
(pdftex.def)             Requested size: 273.14922pt x 261.52614pt.

Overfull \vbox (6.48169pt too high) has occurred while \output is active []


[34]
Overfull \vbox (6.48169pt too high) has occurred while \output is active []


[35 <./figuras/lombada.png>]
Overfull \vbox (6.48169pt too high) has occurred while \output is active []


[36]
Overfull \vbox (6.48169pt too high) has occurred while \output is active []


[37] (./arquivo_2021.aux)
Package rerunfilecheck Info: File `arquivo_2021.out' has not changed.
(rerunfilecheck)             Checksum: 1CCF2225DFDFFEAD8DB857E036726498;2236.
 ) 
Here is how much of TeX's memory you used:
 29484 strings out of 478268
 564767 string characters out of 5846347
 975424 words of memory out of 5000000
 47038 multiletter control sequences out of 15000+600000
 511308 words of font info for 87 fonts, out of 8000000 for 9000
 1141 hyphenation exceptions out of 8191
 117i,9n,131p,676b,1014s stack positions out of 10000i,1000n,20000p,200000b,200000s

pdfTeX warning (dest): name{cite.apud:richardson1922} has been referenced but d
oes not exist, replaced by a fixed one

{/usr/local/texlive/2022/texmf-dist/fonts/enc/dvips/cm-super/cm-super-t1.enc}{/
usr/local/texlive/2022/texmf-dist/fonts/enc/dvips/base/8r.enc}</usr/local/texli
ve/2022/texmf-dist/fonts/type1/public/amsfonts/cm/cmmi12.pfb></usr/local/texliv
e/2022/texmf-dist/fonts/type1/public/amsfonts/cm/cmr10.pfb></usr/local/texlive/
2022/texmf-dist/fonts/type1/public/amsfonts/cm/cmr12.pfb></usr/local/texlive/20
22/texmf-dist/fonts/type1/public/amsfonts/cm/cmr8.pfb></usr/local/texlive/2022/
texmf-dist/fonts/type1/public/amsfonts/cm/cmsy10.pfb></usr/local/texlive/2022/t
exmf-dist/fonts/type1/public/cm-super/sftt1200.pfb></usr/local/texlive/2022/tex
mf-dist/fonts/type1/urw/helvetic/uhvb8a.pfb></usr/local/texlive/2022/texmf-dist
/fonts/type1/urw/helvetic/uhvbo8a.pfb></usr/local/texlive/2022/texmf-dist/fonts
/type1/urw/helvetic/uhvr8a.pfb></usr/local/texlive/2022/texmf-dist/fonts/type1/
urw/helvetic/uhvro8a.pfb>
Output written on arquivo_2021.pdf (39 pages, 544783 bytes).
PDF statistics:
 438 PDF objects out of 1000 (max. 8388607)
 366 compressed objects within 4 object streams
 94 named destinations out of 1000 (max. 500000)
 123 words of extra memory for PDF output out of 10000 (max. 10000000)

